<?xml version="1.0" encoding="UTF-8"?>
<!-- Generated by org.testng.reporters.JUnitReportReporter -->
<testsuite hostname="Apanda.local" failures="0" tests="4" name="com.backbase.uiTesting.BackBaseUITest" time="90.581" errors="0" timestamp="23 Jan 2019 17:26:47 GMT">
  <testcase classname="com.backbase.uiTesting.BackBaseUITest" name="Test03_validatePageNavigation" time="27.629"/>
  <testcase classname="com.backbase.uiTesting.BackBaseUITest" name="Test04_verifyAddComputerFeature" time="6.100"/>
  <testcase classname="com.backbase.uiTesting.BackBaseUITest" name="Test02_validateSearchFeature" time="55.298"/>
  <testcase classname="com.backbase.uiTesting.BackBaseUITest" name="Test01_validateHomePage" time="1.554"/>
</testsuite> <!-- com.backbase.uiTesting.BackBaseUITest -->
